<?xml version="1.0" encoding="UTF-8"?>

<mule xmlns:ee="http://www.mulesoft.org/schema/mule/ee/core" xmlns:http="http://www.mulesoft.org/schema/mule/http"
	xmlns="http://www.mulesoft.org/schema/mule/core"
	xmlns:doc="http://www.mulesoft.org/schema/mule/documentation" xmlns:xsi="http://www.w3.org/2001/XMLSchema-instance" xsi:schemaLocation="http://www.mulesoft.org/schema/mule/core http://www.mulesoft.org/schema/mule/core/current/mule.xsd
http://www.mulesoft.org/schema/mule/http http://www.mulesoft.org/schema/mule/http/current/mule-http.xsd
http://www.mulesoft.org/schema/mule/ee/core http://www.mulesoft.org/schema/mule/ee/core/current/mule-ee.xsd">
	<http:listener-config name="HTTP_Listener_config" doc:name="HTTP Listener config" doc:id="b77bbe07-aff2-414f-8a34-bc9dbbf3684f" >
		<http:listener-connection host="0.0.0.0" port="8081" />
	</http:listener-config>
	<flow name="test-jenkinsFlow" doc:id="0ef02fb7-051c-4a55-990d-c5cf46832801" >
		<http:listener doc:name="Listener" doc:id="4745dad7-d455-4b6a-8b03-12a6dce00328" config-ref="HTTP_Listener_config" path="/test"/>
		<ee:transform doc:name="Transform Message" doc:id="f18febcb-152a-4f2c-a531-ea25e75b105b" >
			<ee:message >
				<ee:set-payload ><![CDATA[%dw 2.0
output application/java
---
'hello']]></ee:set-payload>
			</ee:message>
		</ee:transform>
	</flow>
</mule>
